<?xml version="1.0" encoding="UTF-8"?>
<testng-results ignored="0" total="1" passed="1" failed="0" skipped="0">
  <reporter-output>
  </reporter-output>
  <suite started-at="2023-12-03T13:20:22 IST" name="Default suite" finished-at="2023-12-03T13:20:28 IST" duration-ms="5956">
    <groups>
    </groups>
    <test started-at="2023-12-03T13:20:22 IST" name="Default test" finished-at="2023-12-03T13:20:28 IST" duration-ms="5956">
      <class name="tests.PrepaidRecharge">
        <test-method signature="WorldCupPlanRecharge()[pri:0, instance:tests.PrepaidRecharge@7161d8d1]" started-at="2023-12-03T13:20:22 IST" name="WorldCupPlanRecharge" finished-at="2023-12-03T13:20:28 IST" duration-ms="5920" status="PASS">
          <reporter-output>
          </reporter-output>
        </test-method> <!-- WorldCupPlanRecharge -->
      </class> <!-- tests.PrepaidRecharge -->
    </test> <!-- Default test -->
  </suite> <!-- Default suite -->
</testng-results>
